SF:lib/src/async_notifier.dart
DA:15,2
DA:16,2
DA:17,4
DA:19,1
DA:20,1
DA:38,1
DA:44,1
DA:45,1
DA:46,1
DA:47,1
DA:51,1
DA:70,2
DA:77,2
DA:83,2
DA:86,4
DA:87,4
DA:89,2
DA:90,2
DA:91,1
DA:92,2
DA:95,1
DA:96,1
DA:103,2
DA:121,1
DA:128,1
DA:134,1
DA:137,2
DA:138,3
DA:139,2
DA:141,1
DA:142,1
DA:143,1
DA:144,2
DA:147,1
DA:148,1
DA:149,1
DA:150,2
DA:153,1
DA:154,1
DA:161,1
DA:168,1
DA:170,1
DA:171,1
DA:172,2
DA:173,3
DA:174,1
DA:177,2
DA:183,1
DA:184,1
DA:186,1
DA:191,1
DA:192,1
DA:193,1
DA:200,2
DA:201,3
DA:202,2
DA:206,2
DA:207,4
DA:208,2
DA:210,2
LF:60
LH:60
end_of_record
SF:lib/src/async_listenable_builder.dart
DA:23,1
DA:31,1
DA:40,1
DA:42,1
DA:47,1
DA:49,1
DA:50,4
DA:53,1
DA:55,1
DA:56,4
DA:57,3
DA:58,4
DA:62,1
DA:64,4
DA:65,1
DA:68,1
DA:69,2
DA:72,1
DA:74,6
LF:19
LH:19
end_of_record
