SF:lib/src/async_notifier.dart
DA:15,2
DA:16,2
DA:17,4
DA:34,2
DA:41,2
DA:47,2
DA:50,4
DA:51,4
DA:53,2
DA:54,2
DA:55,1
DA:56,2
DA:59,1
DA:60,1
DA:67,2
DA:85,1
DA:92,1
DA:98,1
DA:101,2
DA:102,3
DA:103,2
DA:105,1
DA:106,1
DA:107,1
DA:108,2
DA:111,1
DA:112,1
DA:113,1
DA:114,2
DA:117,1
DA:118,1
DA:125,1
DA:132,1
DA:134,1
DA:135,1
DA:136,2
DA:137,3
DA:138,1
DA:141,2
DA:147,1
DA:148,1
DA:150,1
DA:155,1
DA:156,1
DA:157,1
DA:164,2
DA:165,3
DA:166,2
DA:170,2
DA:171,4
DA:172,2
DA:174,2
LF:52
LH:52
end_of_record
SF:lib/src/async_listenable_builder.dart
DA:23,1
DA:31,1
DA:40,1
DA:42,1
DA:47,1
DA:49,1
DA:50,4
DA:53,1
DA:55,1
DA:56,4
DA:57,3
DA:58,4
DA:62,1
DA:64,4
DA:65,1
DA:68,1
DA:69,2
DA:72,1
DA:74,6
LF:19
LH:19
end_of_record
